<?xml version="1.0" encoding="UTF-8"?>
<!-- Generated by org.testng.reporters.JUnitReportReporter -->
<testsuite skipped="0" hostname="synps3152422" name="testcase.StatusTest" tests="1" failures="0" timestamp="2020-07-08T01:24:49 IST" time="28.437" errors="0">
  <testcase name="getData" time="28.437" classname="testcase.StatusTest"/>
  <system-out/>
</testsuite> <!-- testcase.StatusTest -->
