<?xml version="1.0" encoding="UTF-8"?>
<!-- Generated by org.testng.reporters.JUnitReportReporter -->
<testsuite hostname="synps3152422" failures="0" tests="1" name="testcase.StatusTest" time="64.712" errors="0" timestamp="2020-07-08T23:35:32 IST" skipped="0">
  <testcase classname="testcase.StatusTest" name="getData" time="64.712"/>
  <system-out/>
</testsuite> <!-- testcase.StatusTest -->
